0 info it worked if it ends with ok
1 verbose cli [ 'D:\\Programming\\nodejs\\node.exe',
1 verbose cli   'D:\\Programming\\nodejs\\node_modules\\npm\\bin\\npm-cli.js',
1 verbose cli   'start' ]
2 info using npm@3.10.10
3 info using node@v6.10.1
4 verbose run-script [ 'prestart', 'start', 'poststart' ]
5 info lifecycle myapp@0.0.0~prestart: myapp@0.0.0
6 silly lifecycle myapp@0.0.0~prestart: no script for prestart, continuing
7 info lifecycle myapp@0.0.0~start: myapp@0.0.0
8 verbose lifecycle myapp@0.0.0~start: unsafe-perm in lifecycle true
9 verbose lifecycle myapp@0.0.0~start: PATH: D:\Programming\nodejs\node_modules\npm\bin\node-gyp-bin;C:\Users\difan\Desktop\temp\myapp\node_modules\.bin;C:\Program Files\NVIDIA GPU Computing Toolkit\CUDA\v8.0\bin;C:\Program Files\NVIDIA GPU Computing Toolkit\CUDA\v8.0\libnvvp;C:\ProgramData\Oracle\Java\javapath;C:\Windows\system32;C:\Windows;C:\Windows\System32\Wbem;C:\Windows\System32\WindowsPowerShell\v1.0\;C:\Program Files (x86)\NVIDIA Corporation\PhysX\Common;C:\Program Files\Java\jdk1.8.0_101\bin;D:\Program Files (x86)\PuTTY\;D:\Programming\MATLAB\R2016b\runtime\win64;D:\Programming\MATLAB\R2016b\bin;D:\Programming\nodejs\;D:\Programming\Maven\apache-maven-3.3.9\bin;D:\Programming\Anaconda3;D:\Programming\Anaconda3\Scripts;D:\Programming\Anaconda3\Library\bin;C:\Users\difan\AppData\Local\Microsoft\WindowsApps;C:\Program Files\Java\jdk1.8.0_101\bin.;.;C:\Users\difan\AppData\Local\atom\bin;D:\Programming\canopyEnvironment\User;D:\Programming\canopyEnvironment\User\Scripts;C:\Users\difan\AppData\Roaming\npm;D:\Programming\Maven\apache-maven-3.3.9\bin
10 verbose lifecycle myapp@0.0.0~start: CWD: C:\Users\difan\Desktop\temp\myapp
11 silly lifecycle myapp@0.0.0~start: Args: [ '/d /s /c', 'node ./bin/www' ]
12 verbose stack Error: kill ENOSYS
12 verbose stack     at exports._errnoException (util.js:1018:11)
12 verbose stack     at process.kill (internal/process.js:190:13)
12 verbose stack     at process.listener (D:\Programming\nodejs\node_modules\npm\node_modules\npmlog\node_modules\gauge\node_modules\signal-exit\index.js:86:15)
12 verbose stack     at emitNone (events.js:91:20)
12 verbose stack     at process.emit (events.js:185:7)
12 verbose stack     at processEmit (D:\Programming\nodejs\node_modules\npm\node_modules\npmlog\node_modules\gauge\node_modules\signal-exit\index.js:146:32)
12 verbose stack     at processEmit (D:\Programming\nodejs\node_modules\npm\node_modules\npm-registry-client\node_modules\npmlog\node_modules\gauge\node_modules\signal-exit\index.js:146:32)
12 verbose stack     at Signal.wrap.onsignal (internal/process.js:217:44)
13 verbose cwd C:\Users\difan\Desktop\temp\myapp
14 error Windows_NT 10.0.14393
15 error argv "D:\\Programming\\nodejs\\node.exe" "D:\\Programming\\nodejs\\node_modules\\npm\\bin\\npm-cli.js" "start"
16 error node v6.10.1
17 error npm  v3.10.10
18 error code ENOSYS
19 error errno ENOSYS
20 error syscall kill
21 error kill ENOSYS
22 error If you need help, you may report this error at:
22 error     <https://github.com/npm/npm/issues>
23 verbose exit [ 1, true ]
